[35m[Appium][39m Welcome to Appium v1.22.3
[35m[Appium][39m Non-default server args:
[35m[Appium][39m   port: 63762
[35m[Appium][39m   loglevel: info
[35m[Appium][39m   tmpDir: C:\Users\lenovo\AppData\Local\Temp\\Katalon\Appium\Temp1700048685329
[35m[Appium][39m   chromedriverPort: 63763
[35m[Appium][39m Deprecated server args:
[35m[Appium][39m   [31m--chromedriver-port[39m => --default-capabilities
[35m[Appium][39m Default capabilities, which will be added to each request unless overridden by desired capabilities:
[35m[Appium][39m   chromedriverPort: 63763
[35m[Appium][39m Appium REST http interface listener started on 0.0.0.0:63762
[35m[HTTP][39m [37m-->[39m [37mGET[39m [37m/wd/hub/status[39m
[35m[HTTP][39m [90m{}[39m
[35m[HTTP][39m [37m<-- GET /wd/hub/status [39m[32m200[39m [90m5 ms - 68[39m
[35m[HTTP][39m [90m[39m
[35m[HTTP][39m [37m-->[39m [37mGET[39m [37m/wd/hub/status[39m
[35m[HTTP][39m [90m{}[39m
[35m[HTTP][39m [37m<-- GET /wd/hub/status [39m[32m200[39m [90m1 ms - 68[39m
[35m[HTTP][39m [90m[39m
[35m[HTTP][39m [37m-->[39m [37mPOST[39m [37m/wd/hub/session[39m
[35m[HTTP][39m [90m{"desiredCapabilities":{"appActivity":".Settings","appPackage":"com.android.settings","newCommandTimeout":1800,"platformVersion":"12","automationName":"uiautomator2","autoGrantPermissions":true,"platformName":"Android","udid":"emulator-5554","deviceName":"emulator-5554 (sdk_gphone64_x86_64 - Android 12)","platform":"ANDROID","systemPort":8269},"capabilities":{"firstMatch":[{"appium:appActivity":".Settings","appium:appPackage":"com.android.settings","appium:autoGrantPermissions":true,"appium:automationName":"uiautomator2","appium:deviceName":"emulator-5554 (sdk_gphone64_x86_64 - Android 12)","appium:newCommandTimeout":1800,"platform":"ANDROID","platformName":"android","appium:platformVersion":"12","appium:systemPort":8269,"appium:udid":"emulator-5554"}]}}[39m
[35m[BaseDriver][39m The following capabilities are not standard capabilities and should have an extension prefix:
[35m[BaseDriver][39m   platform
[35m[BaseDriver][39m   chromedriverPort
[35m[Appium][39m Appium v1.22.3 creating new AndroidUiautomator2Driver (v1.70.1) session
[35m[BaseDriver][39m The following capabilities were provided, but are not recognized by Appium:
[35m[BaseDriver][39m   platform
[35m[BaseDriver][39m Session created with session id: bb1378a9-a3bd-416e-a7fb-442dacf273fd
[35m[UiAutomator2][39m Starting 'com.android.settings' directly on the device
[35m[ADB][39m Found 1 'build-tools' folders under 'C:\Users\lenovo\AppData\Local\Android\Sdk' (newest first):
[35m[ADB][39m     C:/Users/lenovo/AppData/Local/Android/Sdk/build-tools/34.0.0
[35m[ADB][39m Using 'adb.exe' from 'C:\Users\lenovo\AppData\Local\Android\Sdk\platform-tools\adb.exe'
[35m[AndroidDriver][39m Retrieving device list
[35m[AndroidDriver][39m Using device: emulator-5554
[35m[ADB][39m Using 'adb.exe' from 'C:\Users\lenovo\AppData\Local\Android\Sdk\platform-tools\adb.exe'
[35m[ADB][39m Getting device platform version
[35m[UiAutomator2][39m Relaxing hidden api policy
[35m[AndroidDriver][39m No app sent in, not parsing package/activity
[35m[ADB][39m Using 'apksigner.jar' from 'C:\Users\lenovo\AppData\Local\Android\Sdk\build-tools\34.0.0\lib\apksigner.jar'
[35m[ADB][39m 'C:\Users\lenovo\AppData\Roaming\npm\node_modules\appium\node_modules\appium-uiautomator2-server\apks\appium-uiautomator2-server-v4.27.0.apk' is signed with the default certificate
[35m[ADB][39m 'C:\Users\lenovo\AppData\Roaming\npm\node_modules\appium\node_modules\appium-uiautomator2-server\apks\appium-uiautomator2-server-debug-androidTest.apk' is signed with the default certificate
[35m[UiAutomator2][39m Server packages are not going to be (re)installed
[35m[ADB][39m Adding packages ["io.appium.settings","io.appium.uiautomator2.server","io.appium.uiautomator2.server.test"] to Doze whitelist
[35m[UiAutomator2][39m Starting UIAutomator2 server 4.27.0
[35m[UiAutomator2][39m Using UIAutomator2 server from 'C:\Users\lenovo\AppData\Roaming\npm\node_modules\appium\node_modules\appium-uiautomator2-server\apks\appium-uiautomator2-server-v4.27.0.apk' and test from 'C:\Users\lenovo\AppData\Roaming\npm\node_modules\appium\node_modules\appium-uiautomator2-server\apks\appium-uiautomator2-server-debug-androidTest.apk'
[35m[UiAutomator2][39m Waiting up to 30000ms for UiAutomator2 to be online...
[35m[WD Proxy][39m socket hang up
[35m[WD Proxy][39m socket hang up
[35m[WD Proxy][39m Determined the downstream protocol as 'W3C'
[35m[AndroidDriver][39m Screen already unlocked, doing nothing
[35m[UiAutomator2][39m Starting 'com.android.settings/.Settings and waiting for 'com.android.settings/.Settings'
[35m[Appium][39m New AndroidUiautomator2Driver session created successfully, session bb1378a9-a3bd-416e-a7fb-442dacf273fd added to master session list
[35m[HTTP][39m [37m<-- POST /wd/hub/session [39m[32m200[39m [90m6208 ms - 1195[39m
[35m[HTTP][39m [90m[39m
[35m[HTTP][39m [37m-->[39m [37mGET[39m [37m/wd/hub/session/bb1378a9-a3bd-416e-a7fb-442dacf273fd[39m
[35m[HTTP][39m [90m{}[39m
[35m[HTTP][39m [37m<-- GET /wd/hub/session/bb1378a9-a3bd-416e-a7fb-442dacf273fd [39m[32m200[39m [90m12 ms - 1149[39m
[35m[HTTP][39m [90m[39m
[35m[HTTP][39m [37m-->[39m [37mGET[39m [37m/wd/hub/session/bb1378a9-a3bd-416e-a7fb-442dacf273fd[39m
[35m[HTTP][39m [90m{}[39m
[35m[HTTP][39m [37m<-- GET /wd/hub/session/bb1378a9-a3bd-416e-a7fb-442dacf273fd [39m[32m200[39m [90m12 ms - 1149[39m
[35m[HTTP][39m [90m[39m
[35m[HTTP][39m [37m-->[39m [37mGET[39m [37m/wd/hub/status[39m
[35m[HTTP][39m [90m{}[39m
[35m[HTTP][39m [37m<-- GET /wd/hub/status [39m[32m200[39m [90m1 ms - 68[39m
[35m[HTTP][39m [90m[39m
[35m[HTTP][39m [37m-->[39m [37mPOST[39m [37m/wd/hub/session/bb1378a9-a3bd-416e-a7fb-442dacf273fd/timeouts[39m
[35m[HTTP][39m [90m{"implicit":60000}[39m
[35m[HTTP][39m [37m<-- POST /wd/hub/session/bb1378a9-a3bd-416e-a7fb-442dacf273fd/timeouts [39m[32m200[39m [90m4 ms - 14[39m
[35m[HTTP][39m [90m[39m
[35m[HTTP][39m [37m-->[39m [37mGET[39m [37m/wd/hub/session/bb1378a9-a3bd-416e-a7fb-442dacf273fd/screenshot[39m
[35m[HTTP][39m [90m{}[39m
[35m[HTTP][39m [37m<-- GET /wd/hub/session/bb1378a9-a3bd-416e-a7fb-442dacf273fd/screenshot [39m[32m200[39m [90m470 ms - 185464[39m
[35m[HTTP][39m [90m[39m
[35m[HTTP][39m [37m-->[39m [37mGET[39m [37m/wd/hub/session/bb1378a9-a3bd-416e-a7fb-442dacf273fd/window/rect[39m
[35m[HTTP][39m [90m{}[39m
[35m[HTTP][39m [37m<-- GET /wd/hub/session/bb1378a9-a3bd-416e-a7fb-442dacf273fd/window/rect [39m[32m200[39m [90m17 ms - 50[39m
[35m[HTTP][39m [90m[39m
[35m[HTTP][39m [37m-->[39m [37mGET[39m [37m/wd/hub/session/bb1378a9-a3bd-416e-a7fb-442dacf273fd/appium/device/system_bars[39m
[35m[HTTP][39m [90m{}[39m
[35m[HTTP][39m [37m<-- GET /wd/hub/session/bb1378a9-a3bd-416e-a7fb-442dacf273fd/appium/device/system_bars [39m[32m200[39m [90m69 ms - 145[39m
[35m[HTTP][39m [90m[39m
[35m[HTTP][39m [37m-->[39m [37mPOST[39m [37m/wd/hub/session/bb1378a9-a3bd-416e-a7fb-442dacf273fd/appium/device/activate_app[39m
[35m[HTTP][39m [90m{"bundleId":"com.example.shopping_list"}[39m
[35m[HTTP][39m [37m<-- POST /wd/hub/session/bb1378a9-a3bd-416e-a7fb-442dacf273fd/appium/device/activate_app [39m[32m200[39m [90m378 ms - 14[39m
[35m[HTTP][39m [90m[39m
[35m[HTTP][39m [37m-->[39m [37mGET[39m [37m/wd/hub/session/bb1378a9-a3bd-416e-a7fb-442dacf273fd/source[39m
[35m[HTTP][39m [90m{}[39m
[35m[W3C (bb1378a9)][39m Driver proxy active, passing request on via HTTP proxy
[35m[WD Proxy][39m Replacing sessionId 11443b71-496d-4741-bc6e-ebc8b4dc7ab6 with bb1378a9-a3bd-416e-a7fb-442dacf273fd
[35m[HTTP][39m [37m<-- GET /wd/hub/session/bb1378a9-a3bd-416e-a7fb-442dacf273fd/source [39m[32m200[39m [90m420 ms - 10013[39m
[35m[HTTP][39m [90m[39m
[35m[HTTP][39m [37m-->[39m [37mGET[39m [37m/wd/hub/session/bb1378a9-a3bd-416e-a7fb-442dacf273fd/screenshot[39m
[35m[HTTP][39m [90m{}[39m
[35m[HTTP][39m [37m<-- GET /wd/hub/session/bb1378a9-a3bd-416e-a7fb-442dacf273fd/screenshot [39m[32m200[39m [90m348 ms - 106208[39m
[35m[HTTP][39m [90m[39m
[35m[HTTP][39m [37m-->[39m [37mPOST[39m [37m/wd/hub/session/bb1378a9-a3bd-416e-a7fb-442dacf273fd/elements[39m
[35m[HTTP][39m [90m{"using":"xpath","value":"//*[@class = 'android.widget.Button' and @resource-id = '' and (@text = '' or . = '')]"}[39m
[35m[HTTP][39m [37m<-- POST /wd/hub/session/bb1378a9-a3bd-416e-a7fb-442dacf273fd/elements [39m[32m200[39m [90m357 ms - 139[39m
[35m[HTTP][39m [90m[39m
[35m[HTTP][39m [37m-->[39m [37mGET[39m [37m/wd/hub/session/bb1378a9-a3bd-416e-a7fb-442dacf273fd/window/rect[39m
[35m[HTTP][39m [90m{}[39m
[35m[HTTP][39m [37m<-- GET /wd/hub/session/bb1378a9-a3bd-416e-a7fb-442dacf273fd/window/rect [39m[32m200[39m [90m15 ms - 50[39m
[35m[HTTP][39m [90m[39m
[35m[HTTP][39m [37m-->[39m [37mPOST[39m [37m/wd/hub/session/bb1378a9-a3bd-416e-a7fb-442dacf273fd/elements[39m
[35m[HTTP][39m [90m{"using":"xpath","value":"//*[@class = 'android.widget.Button' and @resource-id = '' and (@text = '' or . = '')]"}[39m
[35m[HTTP][39m [37m<-- POST /wd/hub/session/bb1378a9-a3bd-416e-a7fb-442dacf273fd/elements [39m[32m200[39m [90m58 ms - 139[39m
[35m[HTTP][39m [90m[39m
[35m[HTTP][39m [37m-->[39m [37mGET[39m [37m/wd/hub/session/bb1378a9-a3bd-416e-a7fb-442dacf273fd/element/00000000-0000-0065-0000-002400000003/location[39m
[35m[HTTP][39m [90m{}[39m
[35m[W3C (bb1378a9)][39m Driver proxy active, passing request on via HTTP proxy
[35m[WD Proxy][39m Replacing sessionId 11443b71-496d-4741-bc6e-ebc8b4dc7ab6 with bb1378a9-a3bd-416e-a7fb-442dacf273fd
[35m[HTTP][39m [37m<-- GET /wd/hub/session/bb1378a9-a3bd-416e-a7fb-442dacf273fd/element/00000000-0000-0065-0000-002400000003/location [39m[32m200[39m [90m12 ms - 77[39m
[35m[HTTP][39m [90m[39m
[35m[HTTP][39m [37m-->[39m [37mPOST[39m [37m/wd/hub/session/bb1378a9-a3bd-416e-a7fb-442dacf273fd/element/00000000-0000-0065-0000-002400000003/click[39m
[35m[HTTP][39m [90m{"id":"00000000-0000-0065-0000-002400000003"}[39m
[35m[HTTP][39m [37m<-- POST /wd/hub/session/bb1378a9-a3bd-416e-a7fb-442dacf273fd/element/00000000-0000-0065-0000-002400000003/click [39m[32m200[39m [90m48 ms - 14[39m
[35m[HTTP][39m [90m[39m
[35m[HTTP][39m [37m-->[39m [37mGET[39m [37m/wd/hub/session/bb1378a9-a3bd-416e-a7fb-442dacf273fd/source[39m
[35m[HTTP][39m [90m{}[39m
[35m[W3C (bb1378a9)][39m Driver proxy active, passing request on via HTTP proxy
[35m[WD Proxy][39m Replacing sessionId 11443b71-496d-4741-bc6e-ebc8b4dc7ab6 with bb1378a9-a3bd-416e-a7fb-442dacf273fd
[35m[HTTP][39m [37m<-- GET /wd/hub/session/bb1378a9-a3bd-416e-a7fb-442dacf273fd/source [39m[32m200[39m [90m583 ms - 7458[39m
[35m[HTTP][39m [90m[39m
[35m[HTTP][39m [37m-->[39m [37mGET[39m [37m/wd/hub/session/bb1378a9-a3bd-416e-a7fb-442dacf273fd/screenshot[39m
[35m[HTTP][39m [90m{}[39m
[35m[HTTP][39m [37m<-- GET /wd/hub/session/bb1378a9-a3bd-416e-a7fb-442dacf273fd/screenshot [39m[32m200[39m [90m374 ms - 76058[39m
[35m[HTTP][39m [90m[39m
[35m[HTTP][39m [37m-->[39m [37mPOST[39m [37m/wd/hub/session/bb1378a9-a3bd-416e-a7fb-442dacf273fd/elements[39m
[35m[HTTP][39m [90m{"using":"xpath","value":"//*[@class = 'android.widget.EditText' and (@text = 'Name' or . = 'Name') and @resource-id = '']"}[39m
[35m[HTTP][39m [37m<-- POST /wd/hub/session/bb1378a9-a3bd-416e-a7fb-442dacf273fd/elements [39m[32m200[39m [90m68 ms - 139[39m
[35m[HTTP][39m [90m[39m
[35m[HTTP][39m [37m-->[39m [37mGET[39m [37m/wd/hub/session/bb1378a9-a3bd-416e-a7fb-442dacf273fd/window/rect[39m
[35m[HTTP][39m [90m{}[39m
[35m[HTTP][39m [37m<-- GET /wd/hub/session/bb1378a9-a3bd-416e-a7fb-442dacf273fd/window/rect [39m[32m200[39m [90m7 ms - 50[39m
[35m[HTTP][39m [90m[39m
[35m[HTTP][39m [37m-->[39m [37mPOST[39m [37m/wd/hub/session/bb1378a9-a3bd-416e-a7fb-442dacf273fd/elements[39m
[35m[HTTP][39m [90m{"using":"xpath","value":"//*[@class = 'android.widget.EditText' and (@text = 'Name' or . = 'Name') and @resource-id = '']"}[39m
[35m[HTTP][39m [37m<-- POST /wd/hub/session/bb1378a9-a3bd-416e-a7fb-442dacf273fd/elements [39m[32m200[39m [90m49 ms - 139[39m
[35m[HTTP][39m [90m[39m
[35m[HTTP][39m [37m-->[39m [37mGET[39m [37m/wd/hub/session/bb1378a9-a3bd-416e-a7fb-442dacf273fd/element/00000000-0000-0065-0000-002700000003/location[39m
[35m[HTTP][39m [90m{}[39m
[35m[W3C (bb1378a9)][39m Driver proxy active, passing request on via HTTP proxy
[35m[WD Proxy][39m Replacing sessionId 11443b71-496d-4741-bc6e-ebc8b4dc7ab6 with bb1378a9-a3bd-416e-a7fb-442dacf273fd
[35m[HTTP][39m [37m<-- GET /wd/hub/session/bb1378a9-a3bd-416e-a7fb-442dacf273fd/element/00000000-0000-0065-0000-002700000003/location [39m[32m200[39m [90m11 ms - 77[39m
[35m[HTTP][39m [90m[39m
[35m[HTTP][39m [37m-->[39m [37mPOST[39m [37m/wd/hub/session/bb1378a9-a3bd-416e-a7fb-442dacf273fd/element/00000000-0000-0065-0000-002700000003/click[39m
[35m[HTTP][39m [90m{"id":"00000000-0000-0065-0000-002700000003"}[39m
[35m[HTTP][39m [37m<-- POST /wd/hub/session/bb1378a9-a3bd-416e-a7fb-442dacf273fd/element/00000000-0000-0065-0000-002700000003/click [39m[32m200[39m [90m36 ms - 14[39m
[35m[HTTP][39m [90m[39m
[35m[HTTP][39m [37m-->[39m [37mGET[39m [37m/wd/hub/session/bb1378a9-a3bd-416e-a7fb-442dacf273fd/source[39m
[35m[HTTP][39m [90m{}[39m
[35m[W3C (bb1378a9)][39m Driver proxy active, passing request on via HTTP proxy
[35m[WD Proxy][39m Replacing sessionId 11443b71-496d-4741-bc6e-ebc8b4dc7ab6 with bb1378a9-a3bd-416e-a7fb-442dacf273fd
[35m[HTTP][39m [37m<-- GET /wd/hub/session/bb1378a9-a3bd-416e-a7fb-442dacf273fd/source [39m[32m200[39m [90m472 ms - 7456[39m
[35m[HTTP][39m [90m[39m
[35m[HTTP][39m [37m-->[39m [37mGET[39m [37m/wd/hub/session/bb1378a9-a3bd-416e-a7fb-442dacf273fd/screenshot[39m
[35m[HTTP][39m [90m{}[39m
[35m[HTTP][39m [37m<-- GET /wd/hub/session/bb1378a9-a3bd-416e-a7fb-442dacf273fd/screenshot [39m[32m200[39m [90m348 ms - 164216[39m
[35m[HTTP][39m [90m[39m
[35m[HTTP][39m [37m-->[39m [37mPOST[39m [37m/wd/hub/session/bb1378a9-a3bd-416e-a7fb-442dacf273fd/elements[39m
[35m[HTTP][39m [90m{"using":"xpath","value":"//*[@class = 'android.widget.EditText' and (@text = '1, Quantity' or . = '1, Quantity') and @resource-id = '']"}[39m
[35m[HTTP][39m [37m<-- POST /wd/hub/session/bb1378a9-a3bd-416e-a7fb-442dacf273fd/elements [39m[32m200[39m [90m64 ms - 139[39m
[35m[HTTP][39m [90m[39m
[35m[HTTP][39m [37m-->[39m [37mGET[39m [37m/wd/hub/session/bb1378a9-a3bd-416e-a7fb-442dacf273fd/window/rect[39m
[35m[HTTP][39m [90m{}[39m
[35m[HTTP][39m [37m<-- GET /wd/hub/session/bb1378a9-a3bd-416e-a7fb-442dacf273fd/window/rect [39m[32m200[39m [90m8 ms - 50[39m
[35m[HTTP][39m [90m[39m
[35m[HTTP][39m [37m-->[39m [37mPOST[39m [37m/wd/hub/session/bb1378a9-a3bd-416e-a7fb-442dacf273fd/elements[39m
[35m[HTTP][39m [90m{"using":"xpath","value":"//*[@class = 'android.widget.EditText' and (@text = '1, Quantity' or . = '1, Quantity') and @resource-id = '']"}[39m
[35m[HTTP][39m [37m<-- POST /wd/hub/session/bb1378a9-a3bd-416e-a7fb-442dacf273fd/elements [39m[32m200[39m [90m50 ms - 139[39m
[35m[HTTP][39m [90m[39m
[35m[HTTP][39m [37m-->[39m [37mGET[39m [37m/wd/hub/session/bb1378a9-a3bd-416e-a7fb-442dacf273fd/element/00000000-0000-0065-0000-002900000003/location[39m
[35m[HTTP][39m [90m{}[39m
[35m[W3C (bb1378a9)][39m Driver proxy active, passing request on via HTTP proxy
[35m[WD Proxy][39m Replacing sessionId 11443b71-496d-4741-bc6e-ebc8b4dc7ab6 with bb1378a9-a3bd-416e-a7fb-442dacf273fd
[35m[HTTP][39m [37m<-- GET /wd/hub/session/bb1378a9-a3bd-416e-a7fb-442dacf273fd/element/00000000-0000-0065-0000-002900000003/location [39m[32m200[39m [90m12 ms - 77[39m
[35m[HTTP][39m [90m[39m
[35m[HTTP][39m [37m-->[39m [37mPOST[39m [37m/wd/hub/session/bb1378a9-a3bd-416e-a7fb-442dacf273fd/element/00000000-0000-0065-0000-002900000003/click[39m
[35m[HTTP][39m [90m{"id":"00000000-0000-0065-0000-002900000003"}[39m
[35m[HTTP][39m [37m<-- POST /wd/hub/session/bb1378a9-a3bd-416e-a7fb-442dacf273fd/element/00000000-0000-0065-0000-002900000003/click [39m[32m200[39m [90m41 ms - 14[39m
[35m[HTTP][39m [90m[39m
[35m[HTTP][39m [37m-->[39m [37mGET[39m [37m/wd/hub/session/bb1378a9-a3bd-416e-a7fb-442dacf273fd/source[39m
[35m[HTTP][39m [90m{}[39m
[35m[W3C (bb1378a9)][39m Driver proxy active, passing request on via HTTP proxy
[35m[WD Proxy][39m Replacing sessionId 11443b71-496d-4741-bc6e-ebc8b4dc7ab6 with bb1378a9-a3bd-416e-a7fb-442dacf273fd
[35m[HTTP][39m [37m<-- GET /wd/hub/session/bb1378a9-a3bd-416e-a7fb-442dacf273fd/source [39m[32m200[39m [90m122 ms - 7456[39m
[35m[HTTP][39m [90m[39m
[35m[HTTP][39m [37m-->[39m [37mGET[39m [37m/wd/hub/session/bb1378a9-a3bd-416e-a7fb-442dacf273fd/screenshot[39m
[35m[HTTP][39m [90m{}[39m
[35m[HTTP][39m [37m<-- GET /wd/hub/session/bb1378a9-a3bd-416e-a7fb-442dacf273fd/screenshot [39m[32m200[39m [90m429 ms - 117924[39m
[35m[HTTP][39m [90m[39m
[35m[HTTP][39m [37m-->[39m [37mPOST[39m [37m/wd/hub/session/bb1378a9-a3bd-416e-a7fb-442dacf273fd/elements[39m
[35m[HTTP][39m [90m{"using":"xpath","value":"//*[@class = 'android.widget.EditText' and (@text = '1, Quantity' or . = '1, Quantity') and @resource-id = '']"}[39m
[35m[HTTP][39m [37m<-- POST /wd/hub/session/bb1378a9-a3bd-416e-a7fb-442dacf273fd/elements [39m[32m200[39m [90m59 ms - 139[39m
[35m[HTTP][39m [90m[39m
[35m[HTTP][39m [37m-->[39m [37mGET[39m [37m/wd/hub/session/bb1378a9-a3bd-416e-a7fb-442dacf273fd/window/rect[39m
[35m[HTTP][39m [90m{}[39m
[35m[HTTP][39m [37m<-- GET /wd/hub/session/bb1378a9-a3bd-416e-a7fb-442dacf273fd/window/rect [39m[32m200[39m [90m8 ms - 50[39m
[35m[HTTP][39m [90m[39m
[35m[HTTP][39m [37m-->[39m [37mPOST[39m [37m/wd/hub/session/bb1378a9-a3bd-416e-a7fb-442dacf273fd/elements[39m
[35m[HTTP][39m [90m{"using":"xpath","value":"//*[@class = 'android.widget.EditText' and (@text = '1, Quantity' or . = '1, Quantity') and @resource-id = '']"}[39m
[35m[HTTP][39m [37m<-- POST /wd/hub/session/bb1378a9-a3bd-416e-a7fb-442dacf273fd/elements [39m[32m200[39m [90m40 ms - 139[39m
[35m[HTTP][39m [90m[39m
[35m[HTTP][39m [37m-->[39m [37mGET[39m [37m/wd/hub/session/bb1378a9-a3bd-416e-a7fb-442dacf273fd/element/00000000-0000-0065-0000-002900000003/location[39m
[35m[HTTP][39m [90m{}[39m
[35m[W3C (bb1378a9)][39m Driver proxy active, passing request on via HTTP proxy
[35m[WD Proxy][39m Replacing sessionId 11443b71-496d-4741-bc6e-ebc8b4dc7ab6 with bb1378a9-a3bd-416e-a7fb-442dacf273fd
[35m[HTTP][39m [37m<-- GET /wd/hub/session/bb1378a9-a3bd-416e-a7fb-442dacf273fd/element/00000000-0000-0065-0000-002900000003/location [39m[32m200[39m [90m15 ms - 77[39m
[35m[HTTP][39m [90m[39m
[35m[HTTP][39m [37m-->[39m [37mPOST[39m [37m/wd/hub/session/bb1378a9-a3bd-416e-a7fb-442dacf273fd/element/00000000-0000-0065-0000-002900000003/clear[39m
[35m[HTTP][39m [90m{"id":"00000000-0000-0065-0000-002900000003"}[39m
[35m[HTTP][39m [37m<-- POST /wd/hub/session/bb1378a9-a3bd-416e-a7fb-442dacf273fd/element/00000000-0000-0065-0000-002900000003/clear [39m[32m200[39m [90m24 ms - 14[39m
[35m[HTTP][39m [90m[39m
[35m[HTTP][39m [37m-->[39m [37mPOST[39m [37m/wd/hub/session/bb1378a9-a3bd-416e-a7fb-442dacf273fd/element/00000000-0000-0065-0000-002900000003/value[39m
[35m[HTTP][39m [90m{"id":"00000000-0000-0065-0000-002900000003","text":"12","value":["1","2"]}[39m
[35m[HTTP][39m [37m<-- POST /wd/hub/session/bb1378a9-a3bd-416e-a7fb-442dacf273fd/element/00000000-0000-0065-0000-002900000003/value [39m[32m200[39m [90m28 ms - 14[39m
[35m[HTTP][39m [90m[39m
[35m[HTTP][39m [37m-->[39m [37mGET[39m [37m/wd/hub/session/bb1378a9-a3bd-416e-a7fb-442dacf273fd/source[39m
[35m[HTTP][39m [90m{}[39m
[35m[W3C (bb1378a9)][39m Driver proxy active, passing request on via HTTP proxy
[35m[WD Proxy][39m Replacing sessionId 11443b71-496d-4741-bc6e-ebc8b4dc7ab6 with bb1378a9-a3bd-416e-a7fb-442dacf273fd
[35m[HTTP][39m [37m<-- GET /wd/hub/session/bb1378a9-a3bd-416e-a7fb-442dacf273fd/source [39m[32m200[39m [90m25 ms - 7457[39m
[35m[HTTP][39m [90m[39m
[35m[HTTP][39m [37m-->[39m [37mGET[39m [37m/wd/hub/session/bb1378a9-a3bd-416e-a7fb-442dacf273fd/screenshot[39m
[35m[HTTP][39m [90m{}[39m
[35m[HTTP][39m [37m<-- GET /wd/hub/session/bb1378a9-a3bd-416e-a7fb-442dacf273fd/screenshot [39m[32m200[39m [90m329 ms - 117752[39m
[35m[HTTP][39m [90m[39m
[35m[HTTP][39m [37m-->[39m [37mPOST[39m [37m/wd/hub/session/bb1378a9-a3bd-416e-a7fb-442dacf273fd/elements[39m
[35m[HTTP][39m [90m{"using":"xpath","value":"//*[@class = 'android.widget.Button' and @resource-id = '' and (@text = '' or . = '')]"}[39m
[35m[HTTP][39m [37m<-- POST /wd/hub/session/bb1378a9-a3bd-416e-a7fb-442dacf273fd/elements [39m[32m200[39m [90m60 ms - 523[39m
[35m[HTTP][39m [90m[39m
[35m[HTTP][39m [37m-->[39m [37mPOST[39m [37m/wd/hub/session/bb1378a9-a3bd-416e-a7fb-442dacf273fd/elements[39m
[35m[HTTP][39m [90m{"using":"accessibility id","value":"Vegetables"}[39m
[35m[HTTP][39m [37m<-- POST /wd/hub/session/bb1378a9-a3bd-416e-a7fb-442dacf273fd/elements [39m[32m200[39m [90m16 ms - 139[39m
[35m[HTTP][39m [90m[39m
[35m[HTTP][39m [37m-->[39m [37mGET[39m [37m/wd/hub/session/bb1378a9-a3bd-416e-a7fb-442dacf273fd/window/rect[39m
[35m[HTTP][39m [90m{}[39m
[35m[HTTP][39m [37m<-- GET /wd/hub/session/bb1378a9-a3bd-416e-a7fb-442dacf273fd/window/rect [39m[32m200[39m [90m8 ms - 50[39m
[35m[HTTP][39m [90m[39m
[35m[HTTP][39m [37m-->[39m [37mPOST[39m [37m/wd/hub/session/bb1378a9-a3bd-416e-a7fb-442dacf273fd/elements[39m
[35m[HTTP][39m [90m{"using":"accessibility id","value":"Vegetables"}[39m
[35m[HTTP][39m [37m<-- POST /wd/hub/session/bb1378a9-a3bd-416e-a7fb-442dacf273fd/elements [39m[32m200[39m [90m17 ms - 139[39m
[35m[HTTP][39m [90m[39m
[35m[HTTP][39m [37m-->[39m [37mGET[39m [37m/wd/hub/session/bb1378a9-a3bd-416e-a7fb-442dacf273fd/element/00000000-0000-0065-0000-002a00000003/location[39m
[35m[HTTP][39m [90m{}[39m
[35m[W3C (bb1378a9)][39m Driver proxy active, passing request on via HTTP proxy
[35m[WD Proxy][39m Replacing sessionId 11443b71-496d-4741-bc6e-ebc8b4dc7ab6 with bb1378a9-a3bd-416e-a7fb-442dacf273fd
[35m[HTTP][39m [37m<-- GET /wd/hub/session/bb1378a9-a3bd-416e-a7fb-442dacf273fd/element/00000000-0000-0065-0000-002a00000003/location [39m[32m200[39m [90m10 ms - 78[39m
[35m[HTTP][39m [90m[39m
[35m[HTTP][39m [37m-->[39m [37mPOST[39m [37m/wd/hub/session/bb1378a9-a3bd-416e-a7fb-442dacf273fd/element/00000000-0000-0065-0000-002a00000003/click[39m
[35m[HTTP][39m [90m{"id":"00000000-0000-0065-0000-002a00000003"}[39m
[35m[HTTP][39m [37m<-- POST /wd/hub/session/bb1378a9-a3bd-416e-a7fb-442dacf273fd/element/00000000-0000-0065-0000-002a00000003/click [39m[32m200[39m [90m37 ms - 14[39m
[35m[HTTP][39m [90m[39m
[35m[HTTP][39m [37m-->[39m [37mGET[39m [37m/wd/hub/session/bb1378a9-a3bd-416e-a7fb-442dacf273fd/source[39m
[35m[HTTP][39m [90m{}[39m
[35m[W3C (bb1378a9)][39m Driver proxy active, passing request on via HTTP proxy
[35m[WD Proxy][39m Replacing sessionId 11443b71-496d-4741-bc6e-ebc8b4dc7ab6 with bb1378a9-a3bd-416e-a7fb-442dacf273fd
[35m[HTTP][39m [37m<-- GET /wd/hub/session/bb1378a9-a3bd-416e-a7fb-442dacf273fd/source [39m[32m200[39m [90m271 ms - 9108[39m
[35m[HTTP][39m [90m[39m
[35m[HTTP][39m [37m-->[39m [37mGET[39m [37m/wd/hub/session/bb1378a9-a3bd-416e-a7fb-442dacf273fd/screenshot[39m
[35m[HTTP][39m [90m{}[39m
[35m[HTTP][39m [37m<-- GET /wd/hub/session/bb1378a9-a3bd-416e-a7fb-442dacf273fd/screenshot [39m[32m200[39m [90m590 ms - 111648[39m
[35m[HTTP][39m [90m[39m
[35m[HTTP][39m [37m-->[39m [37mPOST[39m [37m/wd/hub/session/bb1378a9-a3bd-416e-a7fb-442dacf273fd/elements[39m
[35m[HTTP][39m [90m{"using":"xpath","value":"//*[@class = 'android.view.View' and @resource-id = '' and (@text = '' or . = '')]"}[39m
[35m[HTTP][39m [37m<-- POST /wd/hub/session/bb1378a9-a3bd-416e-a7fb-442dacf273fd/elements [39m[32m200[39m [90m57 ms - 2187[39m
[35m[HTTP][39m [90m[39m
[35m[HTTP][39m [37m-->[39m [37mPOST[39m [37m/wd/hub/session/bb1378a9-a3bd-416e-a7fb-442dacf273fd/elements[39m
[35m[HTTP][39m [90m{"using":"accessibility id","value":"Dairy"}[39m
[35m[HTTP][39m [37m<-- POST /wd/hub/session/bb1378a9-a3bd-416e-a7fb-442dacf273fd/elements [39m[32m200[39m [90m16 ms - 139[39m
[35m[HTTP][39m [90m[39m
[35m[HTTP][39m [37m-->[39m [37mGET[39m [37m/wd/hub/session/bb1378a9-a3bd-416e-a7fb-442dacf273fd/window/rect[39m
[35m[HTTP][39m [90m{}[39m
[35m[HTTP][39m [37m<-- GET /wd/hub/session/bb1378a9-a3bd-416e-a7fb-442dacf273fd/window/rect [39m[32m200[39m [90m9 ms - 50[39m
[35m[HTTP][39m [90m[39m
[35m[HTTP][39m [37m-->[39m [37mPOST[39m [37m/wd/hub/session/bb1378a9-a3bd-416e-a7fb-442dacf273fd/elements[39m
[35m[HTTP][39m [90m{"using":"accessibility id","value":"Dairy"}[39m
[35m[HTTP][39m [37m<-- POST /wd/hub/session/bb1378a9-a3bd-416e-a7fb-442dacf273fd/elements [39m[32m200[39m [90m21 ms - 139[39m
[35m[HTTP][39m [90m[39m
[35m[HTTP][39m [37m-->[39m [37mGET[39m [37m/wd/hub/session/bb1378a9-a3bd-416e-a7fb-442dacf273fd/element/00000000-0000-0065-0000-003700000003/location[39m
[35m[HTTP][39m [90m{}[39m
[35m[W3C (bb1378a9)][39m Driver proxy active, passing request on via HTTP proxy
[35m[WD Proxy][39m Replacing sessionId 11443b71-496d-4741-bc6e-ebc8b4dc7ab6 with bb1378a9-a3bd-416e-a7fb-442dacf273fd
[35m[HTTP][39m [37m<-- GET /wd/hub/session/bb1378a9-a3bd-416e-a7fb-442dacf273fd/element/00000000-0000-0065-0000-003700000003/location [39m[32m200[39m [90m14 ms - 78[39m
[35m[HTTP][39m [90m[39m
[35m[HTTP][39m [37m-->[39m [37mPOST[39m [37m/wd/hub/session/bb1378a9-a3bd-416e-a7fb-442dacf273fd/element/00000000-0000-0065-0000-003700000003/click[39m
[35m[HTTP][39m [90m{"id":"00000000-0000-0065-0000-003700000003"}[39m
[35m[HTTP][39m [37m<-- POST /wd/hub/session/bb1378a9-a3bd-416e-a7fb-442dacf273fd/element/00000000-0000-0065-0000-003700000003/click [39m[32m200[39m [90m41 ms - 14[39m
[35m[HTTP][39m [90m[39m
[35m[HTTP][39m [37m-->[39m [37mGET[39m [37m/wd/hub/session/bb1378a9-a3bd-416e-a7fb-442dacf273fd/source[39m
[35m[HTTP][39m [90m{}[39m
[35m[W3C (bb1378a9)][39m Driver proxy active, passing request on via HTTP proxy
[35m[WD Proxy][39m Replacing sessionId 11443b71-496d-4741-bc6e-ebc8b4dc7ab6 with bb1378a9-a3bd-416e-a7fb-442dacf273fd
[35m[HTTP][39m [37m<-- GET /wd/hub/session/bb1378a9-a3bd-416e-a7fb-442dacf273fd/source [39m[32m200[39m [90m327 ms - 7452[39m
[35m[HTTP][39m [90m[39m
[35m[HTTP][39m [37m-->[39m [37mGET[39m [37m/wd/hub/session/bb1378a9-a3bd-416e-a7fb-442dacf273fd/screenshot[39m
[35m[HTTP][39m [90m{}[39m
[35m[HTTP][39m [37m<-- GET /wd/hub/session/bb1378a9-a3bd-416e-a7fb-442dacf273fd/screenshot [39m[32m200[39m [90m335 ms - 72480[39m
[35m[HTTP][39m [90m[39m
[35m[HTTP][39m [37m-->[39m [37mPOST[39m [37m/wd/hub/session/bb1378a9-a3bd-416e-a7fb-442dacf273fd/elements[39m
[35m[HTTP][39m [90m{"using":"xpath","value":"//*[@class = 'android.widget.Button' and @resource-id = '' and (@text = '' or . = '')]"}[39m
[35m[HTTP][39m [37m<-- POST /wd/hub/session/bb1378a9-a3bd-416e-a7fb-442dacf273fd/elements [39m[32m200[39m [90m62 ms - 523[39m
[35m[HTTP][39m [90m[39m
[35m[HTTP][39m [37m-->[39m [37mPOST[39m [37m/wd/hub/session/bb1378a9-a3bd-416e-a7fb-442dacf273fd/elements[39m
[35m[HTTP][39m [90m{"using":"accessibility id","value":"Add Item"}[39m
[35m[HTTP][39m [37m<-- POST /wd/hub/session/bb1378a9-a3bd-416e-a7fb-442dacf273fd/elements [39m[32m200[39m [90m12 ms - 139[39m
[35m[HTTP][39m [90m[39m
[35m[HTTP][39m [37m-->[39m [37mGET[39m [37m/wd/hub/session/bb1378a9-a3bd-416e-a7fb-442dacf273fd/window/rect[39m
[35m[HTTP][39m [90m{}[39m
[35m[HTTP][39m [37m<-- GET /wd/hub/session/bb1378a9-a3bd-416e-a7fb-442dacf273fd/window/rect [39m[32m200[39m [90m6 ms - 50[39m
[35m[HTTP][39m [90m[39m
[35m[HTTP][39m [37m-->[39m [37mPOST[39m [37m/wd/hub/session/bb1378a9-a3bd-416e-a7fb-442dacf273fd/elements[39m
[35m[HTTP][39m [90m{"using":"accessibility id","value":"Add Item"}[39m
[35m[HTTP][39m [37m<-- POST /wd/hub/session/bb1378a9-a3bd-416e-a7fb-442dacf273fd/elements [39m[32m200[39m [90m16 ms - 139[39m
[35m[HTTP][39m [90m[39m
[35m[HTTP][39m [37m-->[39m [37mGET[39m [37m/wd/hub/session/bb1378a9-a3bd-416e-a7fb-442dacf273fd/element/00000000-0000-0065-0000-002c00000003/location[39m
[35m[HTTP][39m [90m{}[39m
[35m[W3C (bb1378a9)][39m Driver proxy active, passing request on via HTTP proxy
[35m[WD Proxy][39m Replacing sessionId 11443b71-496d-4741-bc6e-ebc8b4dc7ab6 with bb1378a9-a3bd-416e-a7fb-442dacf273fd
[35m[HTTP][39m [37m<-- GET /wd/hub/session/bb1378a9-a3bd-416e-a7fb-442dacf273fd/element/00000000-0000-0065-0000-002c00000003/location [39m[32m200[39m [90m10 ms - 78[39m
[35m[HTTP][39m [90m[39m
[35m[HTTP][39m [37m-->[39m [37mPOST[39m [37m/wd/hub/session/bb1378a9-a3bd-416e-a7fb-442dacf273fd/element/00000000-0000-0065-0000-002c00000003/click[39m
[35m[HTTP][39m [90m{"id":"00000000-0000-0065-0000-002c00000003"}[39m
[35m[HTTP][39m [37m<-- POST /wd/hub/session/bb1378a9-a3bd-416e-a7fb-442dacf273fd/element/00000000-0000-0065-0000-002c00000003/click [39m[32m200[39m [90m33 ms - 14[39m
[35m[HTTP][39m [90m[39m
[35m[HTTP][39m [37m-->[39m [37mGET[39m [37m/wd/hub/session/bb1378a9-a3bd-416e-a7fb-442dacf273fd/source[39m
[35m[HTTP][39m [90m{}[39m
[35m[W3C (bb1378a9)][39m Driver proxy active, passing request on via HTTP proxy
[35m[WD Proxy][39m Replacing sessionId 11443b71-496d-4741-bc6e-ebc8b4dc7ab6 with bb1378a9-a3bd-416e-a7fb-442dacf273fd
[35m[HTTP][39m [37m<-- GET /wd/hub/session/bb1378a9-a3bd-416e-a7fb-442dacf273fd/source [39m[32m200[39m [90m21 ms - 7900[39m
[35m[HTTP][39m [90m[39m
[35m[HTTP][39m [37m-->[39m [37mGET[39m [37m/wd/hub/session/bb1378a9-a3bd-416e-a7fb-442dacf273fd/screenshot[39m
[35m[HTTP][39m [90m{}[39m
[35m[HTTP][39m [37m<-- GET /wd/hub/session/bb1378a9-a3bd-416e-a7fb-442dacf273fd/screenshot [39m[32m200[39m [90m325 ms - 84376[39m
[35m[HTTP][39m [90m[39m
[35m[HTTP][39m [37m-->[39m [37mDELETE[39m [37m/wd/hub/session/bb1378a9-a3bd-416e-a7fb-442dacf273fd[39m
[35m[HTTP][39m [90m{}[39m
[35m[Appium][39m Removing session bb1378a9-a3bd-416e-a7fb-442dacf273fd from our master session list
[35m[UiAutomator2][39m Restoring hidden api policy to the device default configuration
[35m[HTTP][39m [37m<-- DELETE /wd/hub/session/bb1378a9-a3bd-416e-a7fb-442dacf273fd [39m[32m200[39m [90m547 ms - 14[39m
[35m[HTTP][39m [90m[39m
